#
# A fatal error has been detected by the Java Runtime Environment:
#
#  EXCEPTION_ACCESS_VIOLATION (0xc0000005) at pc=0x0000000076ddf29c, pid=12344, tid=1360
#
# JRE version: Java(TM) SE Runtime Environment (9.0+11) (build 9.0.1+11)
# Java VM: Java HotSpot(TM) 64-Bit Server VM (9.0.1+11, mixed mode, tiered, compressed oops, g1 gc, windows-amd64)
# Problematic frame:
# V  [jvm.dll+0x14f29c]
#
# No core dump will be written. Minidumps are not enabled by default on client versions of Windows
#
# If you would like to submit a bug report, please visit:
#   http://bugreport.java.com/bugreport/crash.jsp
#

---------------  S U M M A R Y ------------

Command Line: -javaagent:D:\development\IntelliJ IDEA Community Edition 2017.3.4\lib\idea_rt.jar=55278:D:\development\IntelliJ IDEA Community Edition 2017.3.4\bin -Dfile.encoding=UTF-8 Main

Host: AMD Ryzen 5 1400 Quad-Core Processor           , 8 cores, 7G,  Windows 10 , 64 bit Build 18362 (10.0.18362.329)
Time: Mon Oct 14 15:37:40 2019 Egypt Standard Time elapsed time: 0 seconds (0d 0h 0m 0s)

---------------  T H R E A D  ---------------

Current thread (0x00000169fcfd3800):  JavaThread "C1 CompilerThread3" daemon [_thread_in_native, id=1360, stack(0x00000011e6100000,0x00000011e6200000)]


Current CompileTask:
C1:    254  241       3       java.util.concurrent.ConcurrentHashMap::get (162 bytes)

Stack: [0x00000011e6100000,0x00000011e6200000],  sp=0x00000011e61fe278,  free space=1016k
Native frames: (J=compiled Java code, j=interpreted, Vv=VM code, C=native code)
V  [jvm.dll+0x14f29c]
V  [jvm.dll+0x14ae32]
V  [jvm.dll+0x14a267]
V  [jvm.dll+0x15464a]
V  [jvm.dll+0x14b515]
V  [jvm.dll+0x14ec22]
V  [jvm.dll+0x10810c]
V  [jvm.dll+0x107c09]
V  [jvm.dll+0x107d73]
V  [jvm.dll+0x1070e3]
V  [jvm.dll+0x108c17]
V  [jvm.dll+0x1f64f0]
V  [jvm.dll+0x1f5176]
V  [jvm.dll+0x66b2df]
V  [jvm.dll+0x5864e0]
C  [msvcr120.dll+0x24f7f]
C  [msvcr120.dll+0x25126]
C  [KERNEL32.DLL+0x17bd4]
C  [ntdll.dll+0x6cee1]


siginfo: EXCEPTION_ACCESS_VIOLATION (0xc0000005), reading address 0xffffffffffffffff


Register to memory mapping:

RIP=0x0000000076ddf29c jvm.dll
RAX=0x0000000000000009 is an unknown value
RBX=
[error occurred during error reporting (printing register info), id 0xc0000005]

Registers:
RAX=0x0000000000000009, RBX=0x00000000ffffffff, RCX=0x00000000000001d4, RDX=0x0000000000000024
RSP=0x00000011e61fe278, RBP=0x00000169fd321430, RSI=0x0000000000000005, RDI=0x0000000000000005
R8 =0x0000000000000005, R9 =0xffffffffffffffff, R10=0x0000000000000009, R11=0x00000011e61fe940
R12=0x000000000000021e, R13=0x00000000000001cb, R14=0x000000000000000a, R15=0x00000000ffffffff
RIP=0x0000000076ddf29c, EFLAGS=0x0000000000010297

Top of Stack: (sp=0x00000011e61fe278)
0x00000011e61fe278:   0000000000000002 00000169fd3197f0
0x00000011e61fe288:   00000000ffffffff 0000000000000000
0x00000011e61fe298:   0000000076ddae32 00000169fd321430
0x00000011e61fe2a8:   00000000000001cb 00000011e61fe940
0x00000011e61fe2b8:   00000000ffffffff 00000000ffffffff
0x00000011e61fe2c8:   00000011e61fe300 00000011e61fe940
0x00000011e61fe2d8:   000000007fffffff 00000011e61fe940
0x00000011e61fe2e8:   00000011e61fe901 00000169fd3197f0
0x00000011e61fe2f8:   0000000076dda267 00000169fd319700
0x00000011e61fe308:   00000169fd321430 00000169f9cf8f01
0x00000011e61fe318:   0000000000000002 00000011e61fe980
0x00000011e61fe328:   0000000076de464a 00000000000001ca
0x00000011e61fe338:   00000011e61fe988 00000169fce50110
0x00000011e61fe348:   00000000771f1607 0000001100000001
0x00000011e61fe358:   0000000076dd9f33 00000169fd3205d0
0x00000011e61fe368:   00000169f9cf8f40 00000169fcfbf2b0 

Instructions: (pc=0x0000000076ddf29c)
0x0000000076ddf27c:   c6 74 0c 43 3b 4c 83 68 7e 0a 4c 3b c6 74 05 8b
0x0000000076ddf28c:   f8 4d 8b c2 ff c0 49 ff c2 48 83 c2 04 41 3b c6
0x0000000076ddf29c:   7e a6 4c 8b 7c 24 30 48 8b 6c 24 28 83 fb ff 74
0x0000000076ddf2ac:   14 8b c3 48 8b 5c 24 38 48 8b 74 24 40 41 5e 41 



---------------  P R O C E S S  ---------------

Java Threads: ( => current thread )
  0x00000169fd35f000 JavaThread "Service Thread" daemon [_thread_blocked, id=5252, stack(0x00000011e6500000,0x00000011e6600000)]
  0x00000169fd35e000 JavaThread "Monitor Ctrl-Break" daemon [_thread_in_native, id=8592, stack(0x00000011e6400000,0x00000011e6500000)]
  0x00000169fd04a000 JavaThread "Common-Cleaner" daemon [_thread_blocked, id=11876, stack(0x00000011e6300000,0x00000011e6400000)]
  0x00000169fd000800 JavaThread "Sweeper thread" daemon [_thread_blocked, id=9376, stack(0x00000011e6200000,0x00000011e6300000)]
=>0x00000169fcfd3800 JavaThread "C1 CompilerThread3" daemon [_thread_in_native, id=1360, stack(0x00000011e6100000,0x00000011e6200000)]
  0x00000169fcfc2800 JavaThread "C2 CompilerThread2" daemon [_thread_blocked, id=12736, stack(0x00000011e6000000,0x00000011e6100000)]
  0x00000169fcfb8800 JavaThread "C2 CompilerThread1" daemon [_thread_blocked, id=5748, stack(0x00000011e5f00000,0x00000011e6000000)]
  0x00000169fcfb6800 JavaThread "C2 CompilerThread0" daemon [_thread_blocked, id=5272, stack(0x00000011e5e00000,0x00000011e5f00000)]
  0x00000169fcfb5000 JavaThread "Attach Listener" daemon [_thread_blocked, id=11896, stack(0x00000011e5d00000,0x00000011e5e00000)]
  0x00000169fcfb4800 JavaThread "Signal Dispatcher" daemon [_thread_blocked, id=4800, stack(0x00000011e5c00000,0x00000011e5d00000)]
  0x00000169fcf63800 JavaThread "Finalizer" daemon [_thread_blocked, id=7256, stack(0x00000011e5b00000,0x00000011e5c00000)]
  0x00000169fcf59000 JavaThread "Reference Handler" daemon [_thread_blocked, id=6828, stack(0x00000011e5a00000,0x00000011e5b00000)]
  0x00000169d9357800 JavaThread "main" [_thread_in_native, id=13568, stack(0x00000011e4400000,0x00000011e4500000)]

Other Threads:
  0x00000169fcf4e000 VMThread "VM Thread" [stack: 0x00000011e5900000,0x00000011e5a00000] [id=9964]
  0x00000169fd371800 WatcherThread [stack: 0x00000011e6600000,0x00000011e6700000] [id=8556]
  0x00000169d936e800 GCTaskThread "GC Thread#0" [stack: 0x00000011e4500000,0x00000011e4600000] [id=3708]
  0x00000169d9370000 GCTaskThread "GC Thread#1" [stack: 0x00000011e4600000,0x00000011e4700000] [id=10792]
  0x00000169d9371800 GCTaskThread "GC Thread#2" [stack: 0x00000011e4700000,0x00000011e4800000] [id=7048]
  0x00000169d9374800 GCTaskThread "GC Thread#3" [stack: 0x00000011e4800000,0x00000011e4900000] [id=4556]
  0x00000169d937a800 GCTaskThread "GC Thread#4" [stack: 0x00000011e4900000,0x00000011e4a00000] [id=8184]
  0x00000169d937f800 GCTaskThread "GC Thread#5" [stack: 0x00000011e4a00000,0x00000011e4b00000] [id=8784]
  0x00000169d9381800 GCTaskThread "GC Thread#6" [stack: 0x00000011e4b00000,0x00000011e4c00000] [id=6272]
  0x00000169d9383800 GCTaskThread "GC Thread#7" [stack: 0x00000011e4c00000,0x00000011e4d00000] [id=8472]
  0x00000169d93d2800 ConcurrentGCThread "G1 Main Marker" [stack: 0x00000011e5600000,0x00000011e5700000] [id=232]
  0x00000169d93d3000 ConcurrentGCThread "G1 Marker#0" [stack: 0x00000011e5700000,0x00000011e5800000] [id=8268]
  0x00000169d93d4000 ConcurrentGCThread "G1 Marker#1" [stack: 0x00000011e5800000,0x00000011e5900000] [id=9196]
  0x00000169d93a2800 ConcurrentGCThread "G1 Refine#0" [stack: 0x00000011e5400000,0x00000011e5500000] [id=8424]
  0x00000169d93a2000 ConcurrentGCThread "G1 Refine#1" [stack: 0x00000011e5300000,0x00000011e5400000] [id=9472]
  0x00000169d93a1000 ConcurrentGCThread "G1 Refine#2" [stack: 0x00000011e5200000,0x00000011e5300000] [id=9076]
  0x00000169d939a800 ConcurrentGCThread "G1 Refine#3" [stack: 0x00000011e5100000,0x00000011e5200000] [id=1348]
  0x00000169d9399800 ConcurrentGCThread "G1 Refine#4" [stack: 0x00000011e5000000,0x00000011e5100000] [id=7540]
  0x00000169d9397000 ConcurrentGCThread "G1 Refine#5" [stack: 0x00000011e4f00000,0x00000011e5000000] [id=5500]
  0x00000169d9395800 ConcurrentGCThread "G1 Refine#6" [stack: 0x00000011e4e00000,0x00000011e4f00000] [id=6032]
  0x00000169d938e800 ConcurrentGCThread "G1 Refine#7" [stack: 0x00000011e4d00000,0x00000011e4e00000] [id=12252]
  0x00000169d93a4800 ConcurrentGCThread "G1 Young RemSet Sampling" [stack: 0x00000011e5500000,0x00000011e5600000] [id=9240]

Threads with active compile tasks:
C1 CompilerThread3 241       3       java.util.concurrent.ConcurrentHashMap::get (162 bytes)

VM state:not at safepoint (normal execution)

VM Mutex/Monitor currently owned by a thread: None

Heap address: 0x0000000080a00000, size: 2038 MB, Compressed Oops mode: 32-bit
Narrow klass base: 0x0000000000000000, Narrow klass shift: 3
Compressed class space size: 1073741824 Address: 0x0000000100000000

Heap:
 garbage-first heap   total 131072K, used 5120K [0x0000000080a00000, 0x0000000080b00400, 0x0000000100000000)
  region size 1024K, 6 young (6144K), 0 survivors (0K)
 Metaspace       used 7013K, capacity 7102K, committed 7424K, reserved 1056768K
  class space    used 620K, capacity 651K, committed 768K, reserved 1048576K
Heap Regions: E=young(eden), S=young(survivor), O=old, HS=humongous(starts), HC=humongous(continues), CS=collection set, F=free, A=archive, TS=gc time stamp, AC=allocation context, TAMS=top-at-mark-start (previous, next)
|   0|0x0000000080a00000, 0x0000000080a00000, 0x0000000080b00000|  0%| F|  |TS  0|AC  0|TAMS 0x0000000080a00000, 0x0000000080a00000|
|   1|0x0000000080b00000, 0x0000000080b00000, 0x0000000080c00000|  0%| F|  |TS  0|AC  0|TAMS 0x0000000080b00000, 0x0000000080b00000|
|   2|0x0000000080c00000, 0x0000000080c00000, 0x0000000080d00000|  0%| F|  |TS  0|AC  0|TAMS 0x0000000080c00000, 0x0000000080c00000|
|   3|0x0000000080d00000, 0x0000000080d00000, 0x0000000080e00000|  0%| F|  |TS  0|AC  0|TAMS 0x0000000080d00000, 0x0000000080d00000|
|   4|0x0000000080e00000, 0x0000000080e00000, 0x0000000080f00000|  0%| F|  |TS  0|AC  0|TAMS 0x0000000080e00000, 0x0000000080e00000|
|   5|0x0000000080f00000, 0x0000000080f00000, 0x0000000081000000|  0%| F|  |TS  0|AC  0|TAMS 0x0000000080f00000, 0x0000000080f00000|
|   6|0x0000000081000000, 0x0000000081000000, 0x0000000081100000|  0%| F|  |TS  0|AC  0|TAMS 0x0000000081000000, 0x0000000081000000|
|   7|0x0000000081100000, 0x0000000081100000, 0x0000000081200000|  0%| F|  |TS  0|AC  0|TAMS 0x0000000081100000, 0x0000000081100000|
|   8|0x0000000081200000, 0x0000000081200000, 0x0000000081300000|  0%| F|  |TS  0|AC  0|TAMS 0x0000000081200000, 0x0000000081200000|
|   9|0x0000000081300000, 0x0000000081300000, 0x0000000081400000|  0%| F|  |TS  0|AC  0|TAMS 0x0000000081300000, 0x0000000081300000|
|  10|0x0000000081400000, 0x0000000081400000, 0x0000000081500000|  0%| F|  |TS  0|AC  0|TAMS 0x0000000081400000, 0x0000000081400000|
|  11|0x0000000081500000, 0x0000000081500000, 0x0000000081600000|  0%| F|  |TS  0|AC  0|TAMS 0x0000000081500000, 0x0000000081500000|
|  12|0x0000000081600000, 0x0000000081600000, 0x0000000081700000|  0%| F|  |TS  0|AC  0|TAMS 0x0000000081600000, 0x0000000081600000|
|  13|0x0000000081700000, 0x0000000081700000, 0x0000000081800000|  0%| F|  |TS  0|AC  0|TAMS 0x0000000081700000, 0x0000000081700000|
|  14|0x0000000081800000, 0x0000000081800000, 0x0000000081900000|  0%| F|  |TS  0|AC  0|TAMS 0x0000000081800000, 0x0000000081800000|
|  15|0x0000000081900000, 0x0000000081900000, 0x0000000081a00000|  0%| F|  |TS  0|AC  0|TAMS 0x0000000081900000, 0x0000000081900000|
|  16|0x0000000081a00000, 0x0000000081a00000, 0x0000000081b00000|  0%| F|  |TS  0|AC  0|TAMS 0x0000000081a00000, 0x0000000081a00000|
|  17|0x0000000081b00000, 0x0000000081b00000, 0x0000000081c00000|  0%| F|  |TS  0|AC  0|TAMS 0x0000000081b00000, 0x0000000081b00000|
|  18|0x0000000081c00000, 0x0000000081c00000, 0x0000000081d00000|  0%| F|  |TS  0|AC  0|TAMS 0x0000000081c00000, 0x0000000081c00000|
|  19|0x0000000081d00000, 0x0000000081d00000, 0x0000000081e00000|  0%| F|  |TS  0|AC  0|TAMS 0x0000000081d00000, 0x0000000081d00000|
|  20|0x0000000081e00000, 0x0000000081e00000, 0x0000000081f00000|  0%| F|  |TS  0|AC  0|TAMS 0x0000000081e00000, 0x0000000081e00000|
|  21|0x0000000081f00000, 0x0000000081f00000, 0x0000000082000000|  0%| F|  |TS  0|AC  0|TAMS 0x0000000081f00000, 0x0000000081f00000|
|  22|0x0000000082000000, 0x0000000082000000, 0x0000000082100000|  0%| F|  |TS  0|AC  0|TAMS 0x0000000082000000, 0x0000000082000000|
|  23|0x0000000082100000, 0x0000000082100000, 0x0000000082200000|  0%| F|  |TS  0|AC  0|TAMS 0x0000000082100000, 0x0000000082100000|
|  24|0x0000000082200000, 0x0000000082200000, 0x0000000082300000|  0%| F|  |TS  0|AC  0|TAMS 0x0000000082200000, 0x0000000082200000|
|  25|0x0000000082300000, 0x0000000082300000, 0x0000000082400000|  0%| F|  |TS  0|AC  0|TAMS 0x0000000082300000, 0x0000000082300000|
|  26|0x0000000082400000, 0x0000000082400000, 0x0000000082500000|  0%| F|  |TS  0|AC  0|TAMS 0x0000000082400000, 0x0000000082400000|
|  27|0x0000000082500000, 0x0000000082500000, 0x0000000082600000|  0%| F|  |TS  0|AC  0|TAMS 0x0000000082500000, 0x0000000082500000|
|  28|0x0000000082600000, 0x0000000082600000, 0x0000000082700000|  0%| F|  |TS  0|AC  0|TAMS 0x0000000082600000, 0x0000000082600000|
|  29|0x0000000082700000, 0x0000000082700000, 0x0000000082800000|  0%| F|  |TS  0|AC  0|TAMS 0x0000000082700000, 0x0000000082700000|
|  30|0x0000000082800000, 0x0000000082800000, 0x0000000082900000|  0%| F|  |TS  0|AC  0|TAMS 0x0000000082800000, 0x0000000082800000|
|  31|0x0000000082900000, 0x0000000082900000, 0x0000000082a00000|  0%| F|  |TS  0|AC  0|TAMS 0x0000000082900000, 0x0000000082900000|
|  32|0x0000000082a00000, 0x0000000082a00000, 0x0000000082b00000|  0%| F|  |TS  0|AC  0|TAMS 0x0000000082a00000, 0x0000000082a00000|
|  33|0x0000000082b00000, 0x0000000082b00000, 0x0000000082c00000|  0%| F|  |TS  0|AC  0|TAMS 0x0000000082b00000, 0x0000000082b00000|
|  34|0x0000000082c00000, 0x0000000082c00000, 0x0000000082d00000|  0%| F|  |TS  0|AC  0|TAMS 0x0000000082c00000, 0x0000000082c00000|
|  35|0x0000000082d00000, 0x0000000082d00000, 0x0000000082e00000|  0%| F|  |TS  0|AC  0|TAMS 0x0000000082d00000, 0x0000000082d00000|
|  36|0x0000000082e00000, 0x0000000082e00000, 0x0000000082f00000|  0%| F|  |TS  0|AC  0|TAMS 0x0000000082e00000, 0x0000000082e00000|
|  37|0x0000000082f00000, 0x0000000082f00000, 0x0000000083000000|  0%| F|  |TS  0|AC  0|TAMS 0x0000000082f00000, 0x0000000082f00000|
|  38|0x0000000083000000, 0x0000000083000000, 0x0000000083100000|  0%| F|  |TS  0|AC  0|TAMS 0x0000000083000000, 0x0000000083000000|
|  39|0x0000000083100000, 0x0000000083100000, 0x0000000083200000|  0%| F|  |TS  0|AC  0|TAMS 0x0000000083100000, 0x0000000083100000|
|  40|0x0000000083200000, 0x0000000083200000, 0x0000000083300000|  0%| F|  |TS  0|AC  0|TAMS 0x0000000083200000, 0x0000000083200000|
|  41|0x0000000083300000, 0x0000000083300000, 0x0000000083400000|  0%| F|  |TS  0|AC  0|TAMS 0x0000000083300000, 0x0000000083300000|
|  42|0x0000000083400000, 0x0000000083400000, 0x0000000083500000|  0%| F|  |TS  0|AC  0|TAMS 0x0000000083400000, 0x0000000083400000|
|  43|0x0000000083500000, 0x0000000083500000, 0x0000000083600000|  0%| F|  |TS  0|AC  0|TAMS 0x0000000083500000, 0x0000000083500000|
|  44|0x0000000083600000, 0x0000000083600000, 0x0000000083700000|  0%| F|  |TS  0|AC  0|TAMS 0x0000000083600000, 0x0000000083600000|
|  45|0x0000000083700000, 0x0000000083700000, 0x0000000083800000|  0%| F|  |TS  0|AC  0|TAMS 0x0000000083700000, 0x0000000083700000|
|  46|0x0000000083800000, 0x0000000083800000, 0x0000000083900000|  0%| F|  |TS  0|AC  0|TAMS 0x0000000083800000, 0x0000000083800000|
|  47|0x0000000083900000, 0x0000000083900000, 0x0000000083a00000|  0%| F|  |TS  0|AC  0|TAMS 0x0000000083900000, 0x0000000083900000|
|  48|0x0000000083a00000, 0x0000000083a00000, 0x0000000083b00000|  0%| F|  |TS  0|AC  0|TAMS 0x0000000083a00000, 0x0000000083a00000|
|  49|0x0000000083b00000, 0x0000000083b00000, 0x0000000083c00000|  0%| F|  |TS  0|AC  0|TAMS 0x0000000083b00000, 0x0000000083b00000|
|  50|0x0000000083c00000, 0x0000000083c00000, 0x0000000083d00000|  0%| F|  |TS  0|AC  0|TAMS 0x0000000083c00000, 0x0000000083c00000|
|  51|0x0000000083d00000, 0x0000000083d00000, 0x0000000083e00000|  0%| F|  |TS  0|AC  0|TAMS 0x0000000083d00000, 0x0000000083d00000|
|  52|0x0000000083e00000, 0x0000000083e00000, 0x0000000083f00000|  0%| F|  |TS  0|AC  0|TAMS 0x0000000083e00000, 0x0000000083e00000|
|  53|0x0000000083f00000, 0x0000000083f00000, 0x0000000084000000|  0%| F|  |TS  0|AC  0|TAMS 0x0000000083f00000, 0x0000000083f00000|
|  54|0x0000000084000000, 0x0000000084000000, 0x0000000084100000|  0%| F|  |TS  0|AC  0|TAMS 0x0000000084000000, 0x0000000084000000|
|  55|0x0000000084100000, 0x0000000084100000, 0x0000000084200000|  0%| F|  |TS  0|AC  0|TAMS 0x0000000084100000, 0x0000000084100000|
|  56|0x0000000084200000, 0x0000000084200000, 0x0000000084300000|  0%| F|  |TS  0|AC  0|TAMS 0x0000000084200000, 0x0000000084200000|
|  57|0x0000000084300000, 0x0000000084300000, 0x0000000084400000|  0%| F|  |TS  0|AC  0|TAMS 0x0000000084300000, 0x0000000084300000|
|  58|0x0000000084400000, 0x0000000084400000, 0x0000000084500000|  0%| F|  |TS  0|AC  0|TAMS 0x0000000084400000, 0x0000000084400000|
|  59|0x0000000084500000, 0x0000000084500000, 0x0000000084600000|  0%| F|  |TS  0|AC  0|TAMS 0x0000000084500000, 0x0000000084500000|
|  60|0x0000000084600000, 0x0000000084600000, 0x0000000084700000|  0%| F|  |TS  0|AC  0|TAMS 0x0000000084600000, 0x0000000084600000|
|  61|0x0000000084700000, 0x0000000084700000, 0x0000000084800000|  0%| F|  |TS  0|AC  0|TAMS 0x0000000084700000, 0x0000000084700000|
|  62|0x0000000084800000, 0x0000000084800000, 0x0000000084900000|  0%| F|  |TS  0|AC  0|TAMS 0x0000000084800000, 0x0000000084800000|
|  63|0x0000000084900000, 0x0000000084900000, 0x0000000084a00000|  0%| F|  |TS  0|AC  0|TAMS 0x0000000084900000, 0x0000000084900000|
|  64|0x0000000084a00000, 0x0000000084a00000, 0x0000000084b00000|  0%| F|  |TS  0|AC  0|TAMS 0x0000000084a00000, 0x0000000084a00000|
|  65|0x0000000084b00000, 0x0000000084b00000, 0x0000000084c00000|  0%| F|  |TS  0|AC  0|TAMS 0x0000000084b00000, 0x0000000084b00000|
|  66|0x0000000084c00000, 0x0000000084c00000, 0x0000000084d00000|  0%| F|  |TS  0|AC  0|TAMS 0x0000000084c00000, 0x0000000084c00000|
|  67|0x0000000084d00000, 0x0000000084d00000, 0x0000000084e00000|  0%| F|  |TS  0|AC  0|TAMS 0x0000000084d00000, 0x0000000084d00000|
|  68|0x0000000084e00000, 0x0000000084e00000, 0x0000000084f00000|  0%| F|  |TS  0|AC  0|TAMS 0x0000000084e00000, 0x0000000084e00000|
|  69|0x0000000084f00000, 0x0000000084f00000, 0x0000000085000000|  0%| F|  |TS  0|AC  0|TAMS 0x0000000084f00000, 0x0000000084f00000|
|  70|0x0000000085000000, 0x0000000085000000, 0x0000000085100000|  0%| F|  |TS  0|AC  0|TAMS 0x0000000085000000, 0x0000000085000000|
|  71|0x0000000085100000, 0x0000000085100000, 0x0000000085200000|  0%| F|  |TS  0|AC  0|TAMS 0x0000000085100000, 0x0000000085100000|
|  72|0x0000000085200000, 0x0000000085200000, 0x0000000085300000|  0%| F|  |TS  0|AC  0|TAMS 0x0000000085200000, 0x0000000085200000|
|  73|0x0000000085300000, 0x0000000085300000, 0x0000000085400000|  0%| F|  |TS  0|AC  0|TAMS 0x0000000085300000, 0x0000000085300000|
|  74|0x0000000085400000, 0x0000000085400000, 0x0000000085500000|  0%| F|  |TS  0|AC  0|TAMS 0x0000000085400000, 0x0000000085400000|
|  75|0x0000000085500000, 0x0000000085500000, 0x0000000085600000|  0%| F|  |TS  0|AC  0|TAMS 0x0000000085500000, 0x0000000085500000|
|  76|0x0000000085600000, 0x0000000085600000, 0x0000000085700000|  0%| F|  |TS  0|AC  0|TAMS 0x0000000085600000, 0x0000000085600000|
|  77|0x0000000085700000, 0x0000000085700000, 0x0000000085800000|  0%| F|  |TS  0|AC  0|TAMS 0x0000000085700000, 0x0000000085700000|
|  78|0x0000000085800000, 0x0000000085800000, 0x0000000085900000|  0%| F|  |TS  0|AC  0|TAMS 0x0000000085800000, 0x0000000085800000|
|  79|0x0000000085900000, 0x0000000085900000, 0x0000000085a00000|  0%| F|  |TS  0|AC  0|TAMS 0x0000000085900000, 0x0000000085900000|
|  80|0x0000000085a00000, 0x0000000085a00000, 0x0000000085b00000|  0%| F|  |TS  0|AC  0|TAMS 0x0000000085a00000, 0x0000000085a00000|
|  81|0x0000000085b00000, 0x0000000085b00000, 0x0000000085c00000|  0%| F|  |TS  0|AC  0|TAMS 0x0000000085b00000, 0x0000000085b00000|
|  82|0x0000000085c00000, 0x0000000085c00000, 0x0000000085d00000|  0%| F|  |TS  0|AC  0|TAMS 0x0000000085c00000, 0x0000000085c00000|
|  83|0x0000000085d00000, 0x0000000085d00000, 0x0000000085e00000|  0%| F|  |TS  0|AC  0|TAMS 0x0000000085d00000, 0x0000000085d00000|
|  84|0x0000000085e00000, 0x0000000085e00000, 0x0000000085f00000|  0%| F|  |TS  0|AC  0|TAMS 0x0000000085e00000, 0x0000000085e00000|
|  85|0x0000000085f00000, 0x0000000085f00000, 0x0000000086000000|  0%| F|  |TS  0|AC  0|TAMS 0x0000000085f00000, 0x0000000085f00000|
|  86|0x0000000086000000, 0x0000000086000000, 0x0000000086100000|  0%| F|  |TS  0|AC  0|TAMS 0x0000000086000000, 0x0000000086000000|
|  87|0x0000000086100000, 0x0000000086100000, 0x0000000086200000|  0%| F|  |TS  0|AC  0|TAMS 0x0000000086100000, 0x0000000086100000|
|  88|0x0000000086200000, 0x0000000086200000, 0x0000000086300000|  0%| F|  |TS  0|AC  0|TAMS 0x0000000086200000, 0x0000000086200000|
|  89|0x0000000086300000, 0x0000000086300000, 0x0000000086400000|  0%| F|  |TS  0|AC  0|TAMS 0x0000000086300000, 0x0000000086300000|
|  90|0x0000000086400000, 0x0000000086400000, 0x0000000086500000|  0%| F|  |TS  0|AC  0|TAMS 0x0000000086400000, 0x0000000086400000|
|  91|0x0000000086500000, 0x0000000086500000, 0x0000000086600000|  0%| F|  |TS  0|AC  0|TAMS 0x0000000086500000, 0x0000000086500000|
|  92|0x0000000086600000, 0x0000000086600000, 0x0000000086700000|  0%| F|  |TS  0|AC  0|TAMS 0x0000000086600000, 0x0000000086600000|
|  93|0x0000000086700000, 0x0000000086700000, 0x0000000086800000|  0%| F|  |TS  0|AC  0|TAMS 0x0000000086700000, 0x0000000086700000|
|  94|0x0000000086800000, 0x0000000086800000, 0x0000000086900000|  0%| F|  |TS  0|AC  0|TAMS 0x0000000086800000, 0x0000000086800000|
|  95|0x0000000086900000, 0x0000000086900000, 0x0000000086a00000|  0%| F|  |TS  0|AC  0|TAMS 0x0000000086900000, 0x0000000086900000|
|  96|0x0000000086a00000, 0x0000000086a00000, 0x0000000086b00000|  0%| F|  |TS  0|AC  0|TAMS 0x0000000086a00000, 0x0000000086a00000|
|  97|0x0000000086b00000, 0x0000000086b00000, 0x0000000086c00000|  0%| F|  |TS  0|AC  0|TAMS 0x0000000086b00000, 0x0000000086b00000|
|  98|0x0000000086c00000, 0x0000000086c00000, 0x0000000086d00000|  0%| F|  |TS  0|AC  0|TAMS 0x0000000086c00000, 0x0000000086c00000|
|  99|0x0000000086d00000, 0x0000000086d00000, 0x0000000086e00000|  0%| F|  |TS  0|AC  0|TAMS 0x0000000086d00000, 0x0000000086d00000|
| 100|0x0000000086e00000, 0x0000000086e00000, 0x0000000086f00000|  0%| F|  |TS  0|AC  0|TAMS 0x0000000086e00000, 0x0000000086e00000|
| 101|0x0000000086f00000, 0x0000000086f00000, 0x0000000087000000|  0%| F|  |TS  0|AC  0|TAMS 0x0000000086f00000, 0x0000000086f00000|
| 102|0x0000000087000000, 0x0000000087000000, 0x0000000087100000|  0%| F|  |TS  0|AC  0|TAMS 0x0000000087000000, 0x0000000087000000|
| 103|0x0000000087100000, 0x0000000087100000, 0x0000000087200000|  0%| F|  |TS  0|AC  0|TAMS 0x0000000087100000, 0x0000000087100000|
| 104|0x0000000087200000, 0x0000000087200000, 0x0000000087300000|  0%| F|  |TS  0|AC  0|TAMS 0x0000000087200000, 0x0000000087200000|
| 105|0x0000000087300000, 0x0000000087300000, 0x0000000087400000|  0%| F|  |TS  0|AC  0|TAMS 0x0000000087300000, 0x0000000087300000|
| 106|0x0000000087400000, 0x0000000087400000, 0x0000000087500000|  0%| F|  |TS  0|AC  0|TAMS 0x0000000087400000, 0x0000000087400000|
| 107|0x0000000087500000, 0x0000000087500000, 0x0000000087600000|  0%| F|  |TS  0|AC  0|TAMS 0x0000000087500000, 0x0000000087500000|
| 108|0x0000000087600000, 0x0000000087600000, 0x0000000087700000|  0%| F|  |TS  0|AC  0|TAMS 0x0000000087600000, 0x0000000087600000|
| 109|0x0000000087700000, 0x0000000087700000, 0x0000000087800000|  0%| F|  |TS  0|AC  0|TAMS 0x0000000087700000, 0x0000000087700000|
| 110|0x0000000087800000, 0x0000000087800000, 0x0000000087900000|  0%| F|  |TS  0|AC  0|TAMS 0x0000000087800000, 0x0000000087800000|
| 111|0x0000000087900000, 0x0000000087900000, 0x0000000087a00000|  0%| F|  |TS  0|AC  0|TAMS 0x0000000087900000, 0x0000000087900000|
| 112|0x0000000087a00000, 0x0000000087a00000, 0x0000000087b00000|  0%| F|  |TS  0|AC  0|TAMS 0x0000000087a00000, 0x0000000087a00000|
| 113|0x0000000087b00000, 0x0000000087b00000, 0x0000000087c00000|  0%| F|  |TS  0|AC  0|TAMS 0x0000000087b00000, 0x0000000087b00000|
| 114|0x0000000087c00000, 0x0000000087c00000, 0x0000000087d00000|  0%| F|  |TS  0|AC  0|TAMS 0x0000000087c00000, 0x0000000087c00000|
| 115|0x0000000087d00000, 0x0000000087d00000, 0x0000000087e00000|  0%| F|  |TS  0|AC  0|TAMS 0x0000000087d00000, 0x0000000087d00000|
| 116|0x0000000087e00000, 0x0000000087e00000, 0x0000000087f00000|  0%| F|  |TS  0|AC  0|TAMS 0x0000000087e00000, 0x0000000087e00000|
| 117|0x0000000087f00000, 0x0000000087f00000, 0x0000000088000000|  0%| F|  |TS  0|AC  0|TAMS 0x0000000087f00000, 0x0000000087f00000|
| 118|0x0000000088000000, 0x0000000088000000, 0x0000000088100000|  0%| F|  |TS  0|AC  0|TAMS 0x0000000088000000, 0x0000000088000000|
| 119|0x0000000088100000, 0x0000000088100000, 0x0000000088200000|  0%| F|  |TS  0|AC  0|TAMS 0x0000000088100000, 0x0000000088100000|
| 120|0x0000000088200000, 0x0000000088200000, 0x0000000088300000|  0%| F|  |TS  0|AC  0|TAMS 0x0000000088200000, 0x0000000088200000|
| 121|0x0000000088300000, 0x0000000088300000, 0x0000000088400000|  0%| F|  |TS  0|AC  0|TAMS 0x0000000088300000, 0x0000000088300000|
| 122|0x0000000088400000, 0x00000000884fa010, 0x0000000088500000| 97%| E|  |TS  0|AC  0|TAMS 0x0000000088400000, 0x0000000088400000|
| 123|0x0000000088500000, 0x0000000088600000, 0x0000000088600000|100%| E|CS|TS  0|AC  0|TAMS 0x0000000088500000, 0x0000000088500000|
| 124|0x0000000088600000, 0x0000000088700000, 0x0000000088700000|100%| E|CS|TS  0|AC  0|TAMS 0x0000000088600000, 0x0000000088600000|
| 125|0x0000000088700000, 0x0000000088800000, 0x0000000088800000|100%| E|CS|TS  0|AC  0|TAMS 0x0000000088700000, 0x0000000088700000|
| 126|0x0000000088800000, 0x0000000088900000, 0x0000000088900000|100%| E|CS|TS  0|AC  0|TAMS 0x0000000088800000, 0x0000000088800000|
| 127|0x0000000088900000, 0x0000000088a00000, 0x0000000088a00000|100%| E|CS|TS  0|AC  0|TAMS 0x0000000088900000, 0x0000000088900000|

Card table byte_map: [0x00000169f5480000,0x00000169f5880000] byte_map_base: 0x00000169f507b000

Marking Bits (Prev, Next): (CMBitMap*) 0x00000169d93d1cf0, (CMBitMap*) 0x00000169d93d1d28
 Prev Bits: [0x00000169f5c80000, 0x00000169f7c58000)
 Next Bits: [0x00000169f7c60000, 0x00000169f9c38000)

Polling page: 0x00000169d9290000

CodeHeap 'non-profiled nmethods': size=120000Kb used=95Kb max_used=95Kb free=119904Kb
 bounds [0x00000169ecdd0000, 0x00000169ed040000, 0x00000169f4300000]
CodeHeap 'profiled nmethods': size=120000Kb used=281Kb max_used=281Kb free=119718Kb
 bounds [0x00000169e58a0000, 0x00000169e5b10000, 0x00000169ecdd0000]
CodeHeap 'non-nmethods': size=5760Kb used=1202Kb max_used=1210Kb free=4557Kb
 bounds [0x00000169e5300000, 0x00000169e5570000, 0x00000169e58a0000]
 total_blobs=708 nmethods=271 adapters=258
 compilation: enabled

Compilation events (10 events):
Event: 0.197 Thread 0x00000169fcfd3800 nmethod 236 0x00000169ecde2410 code [0x00000169ecde25c0, 0x00000169ecde26d8]
Event: 0.200 Thread 0x00000169fcfb6800  237       4       java.lang.String::indexOf (7 bytes)
Event: 0.201 Thread 0x00000169fcfd3800  239       1       java.lang.Class::getClassLoader0 (5 bytes)
Event: 0.201 Thread 0x00000169fcfd3800 nmethod 239 0x00000169ecde2990 code [0x00000169ecde2b40, 0x00000169ecde2c58]
Event: 0.202 Thread 0x00000169fcfb6800 nmethod 237 0x00000169ecde2d10 code [0x00000169ecde2ea0, 0x00000169ecde3038]
Event: 0.203 Thread 0x00000169fcfd3800  240       1       java.lang.Enum::ordinal (5 bytes)
Event: 0.203 Thread 0x00000169fcfd3800 nmethod 240 0x00000169ecde3190 code [0x00000169ecde3340, 0x00000169ecde3458]
Event: 0.203 Thread 0x00000169fcfd3800  241       3       java.util.concurrent.ConcurrentHashMap::get (162 bytes)
Event: 0.217 Thread 0x00000169fcfb8800  259       4       java.lang.String::charAt (25 bytes)
Event: 0.218 Thread 0x00000169fcfb8800 nmethod 259 0x00000169ecde4d10 code [0x00000169ecde4ea0, 0x00000169ecde4f68]

GC Heap History (0 events):
No events

Deoptimization events (2 events):
Event: 0.121 Thread 0x00000169d9357800 Uncommon trap: reason=range_check action=reinterpret pc=0x00000169ecdd3154 method=java.lang.StringLatin1.indexOf([BII)I @ 13 c2
Event: 0.191 Thread 0x00000169d9357800 Uncommon trap: reason=unstable_if action=reinterpret pc=0x00000169ecdd2a18 method=java.lang.String.charAt(I)C @ 4 c2

Classes redefined (0 events):
No events

Internal exceptions (0 events):
No events

Events (10 events):
Event: 0.219 loading class java/lang/invoke/InfoFromMemberName done
Event: 0.219 loading class java/lang/invoke/InnerClassLambdaMetafactory$ForwardingMethodGenerator
Event: 0.219 loading class java/lang/invoke/TypeConvertingMethodAdapter
Event: 0.219 loading class java/lang/invoke/TypeConvertingMethodAdapter done
Event: 0.219 loading class java/lang/invoke/InnerClassLambdaMetafactory$ForwardingMethodGenerator done
Event: 0.220 loading class java/lang/invoke/InnerClassLambdaMetafactory$1
Event: 0.220 loading class java/lang/invoke/InnerClassLambdaMetafactory$1 done
Event: 0.220 loading class java/lang/invoke/MethodHandleImpl$IntrinsicMethodHandle
Event: 0.220 loading class java/lang/invoke/MethodHandleImpl$IntrinsicMethodHandle done
Event: 0.220 loading class java/lang/invoke/SimpleMethodHandle


Dynamic libraries:
0x00007ff7b81e0000 - 0x00007ff7b821e000 	C:\Program Files\Java\jdk-9.0.1\bin\java.exe
0x00007ffcb3520000 - 0x00007ffcb3710000 	C:\WINDOWS\SYSTEM32\ntdll.dll
0x00007ffc6c300000 - 0x00007ffc6c314000 	D:\programes\Myprogrames\AVG\Antivirus\aswhook.dll
0x00007ffcb2090000 - 0x00007ffcb2142000 	C:\WINDOWS\System32\KERNEL32.DLL
0x00007ffcb0fa0000 - 0x00007ffcb1243000 	C:\WINDOWS\System32\KERNELBASE.dll
0x00007ffcb33f0000 - 0x00007ffcb3493000 	C:\WINDOWS\System32\ADVAPI32.dll
0x00007ffcb3350000 - 0x00007ffcb33ee000 	C:\WINDOWS\System32\msvcrt.dll
0x00007ffcb16a0000 - 0x00007ffcb1737000 	C:\WINDOWS\System32\sechost.dll
0x00007ffcb29b0000 - 0x00007ffcb2ad0000 	C:\WINDOWS\System32\RPCRT4.dll
0x00007ffcb2300000 - 0x00007ffcb2493000 	C:\WINDOWS\System32\USER32.dll
0x00007ffcb14a0000 - 0x00007ffcb14c1000 	C:\WINDOWS\System32\win32u.dll
0x00007ffcb34b0000 - 0x00007ffcb34d6000 	C:\WINDOWS\System32\GDI32.dll
0x00007ffcb0500000 - 0x00007ffcb0694000 	C:\WINDOWS\System32\gdi32full.dll
0x00007ffcb1400000 - 0x00007ffcb149e000 	C:\WINDOWS\System32\msvcp_win.dll
0x00007ffcb14d0000 - 0x00007ffcb15ca000 	C:\WINDOWS\System32\ucrtbase.dll
0x00007ffca5670000 - 0x00007ffca58f5000 	C:\WINDOWS\WinSxS\amd64_microsoft.windows.common-controls_6595b64144ccf1df_6.0.18362.356_none_e6c4af7d130f27cc\COMCTL32.dll
0x00007ffcb24a0000 - 0x00007ffcb27d6000 	C:\WINDOWS\System32\combase.dll
0x00007ffcb1300000 - 0x00007ffcb1380000 	C:\WINDOWS\System32\bcryptPrimitives.dll
0x00007ffcaa1a0000 - 0x00007ffcaa1aa000 	C:\WINDOWS\SYSTEM32\VERSION.dll
0x00007ffcb2950000 - 0x00007ffcb297e000 	C:\WINDOWS\System32\IMM32.DLL
0x00007ffc96ed0000 - 0x00007ffc96fbf000 	C:\Program Files\Java\jdk-9.0.1\bin\msvcr120.dll
0x00007ffc8e6e0000 - 0x00007ffc8e786000 	C:\Program Files\Java\jdk-9.0.1\bin\msvcp120.dll
0x0000000076c90000 - 0x00000000776b4000 	C:\Program Files\Java\jdk-9.0.1\bin\server\jvm.dll
0x00007ffcb34a0000 - 0x00007ffcb34a8000 	C:\WINDOWS\System32\PSAPI.DLL
0x00007ffca0840000 - 0x00007ffca0849000 	C:\WINDOWS\SYSTEM32\WSOCK32.dll
0x00007ffcb27e0000 - 0x00007ffcb284f000 	C:\WINDOWS\System32\WS2_32.dll
0x00007ffcacd80000 - 0x00007ffcacda4000 	C:\WINDOWS\SYSTEM32\WINMM.dll
0x00007ffcacd50000 - 0x00007ffcacd7d000 	C:\WINDOWS\SYSTEM32\WINMMBASE.dll
0x00007ffcb04b0000 - 0x00007ffcb04fa000 	C:\WINDOWS\System32\cfgmgr32.dll
0x00007ffca8bd0000 - 0x00007ffca8bdf000 	C:\Program Files\Java\jdk-9.0.1\bin\verify.dll
0x00007ffca33d0000 - 0x00007ffca33f7000 	C:\Program Files\Java\jdk-9.0.1\bin\java.dll
0x00007ffca33a0000 - 0x00007ffca33ca000 	C:\Program Files\Java\jdk-9.0.1\bin\instrument.dll
0x00007ffca4dc0000 - 0x00007ffca4dd6000 	C:\Program Files\Java\jdk-9.0.1\bin\zip.dll
0x00007ffca8bc0000 - 0x00007ffca8bca000 	C:\Program Files\Java\jdk-9.0.1\bin\jimage.dll
0x00007ffcb17b0000 - 0x00007ffcb1e95000 	C:\WINDOWS\System32\SHELL32.dll
0x00007ffcb2cd0000 - 0x00007ffcb2d79000 	C:\WINDOWS\System32\shcore.dll
0x00007ffcb0820000 - 0x00007ffcb0f9e000 	C:\WINDOWS\System32\windows.storage.dll
0x00007ffcb0440000 - 0x00007ffcb045f000 	C:\WINDOWS\System32\profapi.dll
0x00007ffcb0460000 - 0x00007ffcb04aa000 	C:\WINDOWS\System32\powrprof.dll
0x00007ffcb03f0000 - 0x00007ffcb0400000 	C:\WINDOWS\System32\UMPDC.dll
0x00007ffcb2ad0000 - 0x00007ffcb2b22000 	C:\WINDOWS\System32\shlwapi.dll
0x00007ffcb0420000 - 0x00007ffcb0431000 	C:\WINDOWS\System32\kernel.appcore.dll
0x00007ffcb1380000 - 0x00007ffcb1397000 	C:\WINDOWS\System32\cryptsp.dll
0x00007ffca4ad0000 - 0x00007ffca4aea000 	C:\Program Files\Java\jdk-9.0.1\bin\net.dll
0x00007ffca9e10000 - 0x00007ffca9f00000 	C:\WINDOWS\SYSTEM32\WINHTTP.dll
0x00007ffcafc60000 - 0x00007ffcafcc7000 	C:\WINDOWS\system32\mswsock.dll
0x00007ffca3240000 - 0x00007ffca3251000 	C:\Program Files\Java\jdk-9.0.1\bin\nio.dll
0x00007ffca0a50000 - 0x00007ffca0a6a000 	D:\development\IntelliJ IDEA Community Edition 2017.3.4\bin\breakgen64.dll
0x00007ffca5370000 - 0x00007ffca5564000 	C:\WINDOWS\SYSTEM32\dbghelp.dll

VM Arguments:
jvm_args: -javaagent:D:\development\IntelliJ IDEA Community Edition 2017.3.4\lib\idea_rt.jar=55278:D:\development\IntelliJ IDEA Community Edition 2017.3.4\bin -Dfile.encoding=UTF-8 
java_command: Main
java_class_path (initial): C:\Users\Hatem\Documents\IdeaProjects\TMCProjects\mooc-2013-OOProgrammingWithJava-PART1\week4-079.NumberStatistics\out\production\week4-079.NumberStatistics;C:\Users\Hatem\Documents\IdeaProjects\TMCProjects\mooc-2013-OOProgrammingWithJava-PART1\week4-079.NumberStatistics\lib\cglib-nodep-3.2.9.jar;C:\Users\Hatem\Documents\IdeaProjects\TMCProjects\mooc-2013-OOProgrammingWithJava-PART1\week4-079.NumberStatistics\lib\powermock-classloading-objenesis-2.0.2.jar;C:\Users\Hatem\Documents\IdeaProjects\TMCProjects\mooc-2013-OOProgrammingWithJava-PART1\week4-079.NumberStatistics\lib\objenesis-3.0.1.jar;C:\Users\Hatem\Documents\IdeaProjects\TMCProjects\mooc-2013-OOProgrammingWithJava-PART1\week4-079.NumberStatistics\lib\powermock-easymock-2.0.2-full.jar;C:\Users\Hatem\Documents\IdeaProjects\TMCProjects\mooc-2013-OOProgrammingWithJava-PART1\week4-079.NumberStatistics\lib\easymock-4.0.1.jar;C:\Users\Hatem\Documents\IdeaProjects\TMCProjects\mooc-2013-OOProgrammingWithJava-PART1\week4-079.NumberStatistics\lib\powermock-classloading-base-2.0.2.jar;C:\Users\Hatem\Documents\IdeaProjects\TMCProjects\mooc-2013-OOProgrammingWithJava-PART1\week4-079.NumberStatistics\lib\javassist-3.24.0-GA.jar;C:\Users\Hatem\Documents\IdeaProjects\TMCProjects\mooc-2013-OOProgrammingWithJava-PART1\week4-079.NumberStatistics\lib\Hangman.jar;C:\Users\Hatem\Documents\IdeaProjects\TMCProjects\mooc-2013-OOProgrammingWithJava-PART1\week4-079.NumberStatistics\lib\hamcrest-core-1.3.jar;C:\Users\Hatem\Documents\IdeaProjects\TMCProjects\mooc-2013-OOProgrammingWithJava-PART1\week4-079.NumberStatistics\lib\powermock-module-junit4-rule-2.0.2.jar;C:\Users\Hatem\Documents\IdeaProjects\TMCProjects\mooc-2013-OOProgrammingWithJava-PART1\week4-079.NumberStatistics\lib\edu-test-utils-0.4.2.jar;C:\Users\Hatem\Documents\IdeaProjects\TMCProjects\mooc-2013-OOProgrammingWithJava-PART1\week4-079.NumberStatistics\lib\junit-4.12.jar;C:\Users\Hatem\Documents\IdeaProjects\TMCProjects\mooc-2013-OOProgramming
Launcher Type: SUN_STANDARD

Logging:
Log output configuration:
#0: stdout all=warning uptime,level,tags
#1: stderr all=off uptime,level,tags

Environment Variables:
PATH=C:\Windows\system32;C:\Windows;C:\Windows\System32\Wbem;C:\Windows\System32\WindowsPowerShell\v1.0\;C:\Program Files (x86)\Skype\Phone\;C:\Program Files (x86)\NVIDIA Corporation\PhysX\Common;C:\WINDOWS\system32;C:\WINDOWS;C:\WINDOWS\System32\Wbem;C:\WINDOWS\System32\WindowsPowerShell\v1.0\;C:\WINDOWS\System32\OpenSSH\;C:\ProgramData\chocolatey\bin;;C:\Program Files\NVIDIA Corporation\NVIDIA NvDLISR;C:\WINDOWS\system32;C:\WINDOWS;C:\WINDOWS\System32\Wbem;C:\WINDOWS\System32\WindowsPowerShell\v1.0\;C:\WINDOWS\System32\OpenSSH\;C:\Users\Hatem\AppData\Local\Microsoft\WindowsApps;C:\Flex Windows\gcc\bin;C:\Flex Windows\Lex\bin;C:\Flex Windows\bison\bin;C:\Users\Hatem\AppData\Local\.meteor;
USERNAME=Hatem
OS=Windows_NT
PROCESSOR_IDENTIFIER=AMD64 Family 23 Model 1 Stepping 1, AuthenticAMD



---------------  S Y S T E M  ---------------

OS: Windows 10 , 64 bit Build 18362 (10.0.18362.329)

CPU:total 8 (initial active 8) (8 cores per cpu, 1 threads per core) family 23 model 1 stepping 1, cmov, cx8, fxsr, mmx, sse, sse2, sse3, ssse3, sse4.1, sse4.2, popcnt, avx, avx2, aes, clmul, mmxext, 3dnowpref, lzcnt, sse4a, tsc, tscinvbit, tscinv, bmi1

Memory: 4k page, physical 8340004k(3193032k free), swap 10109476k(2095628k free)

vm_info: Java HotSpot(TM) 64-Bit Server VM (9.0.1+11) for windows-amd64 JRE (9.0.1+11), built on Sep 28 2017 04:54:03 by "mach5one" with MS VC++ 12.0 (VS2013)

END.
